# JRE version: OpenJDK Runtime Environment Microsoft-40648 (11.0.16.1+1) (build 11.0.16.1+1-LTS)
# Java VM: OpenJDK 64-Bit Server VM Microsoft-40648 (11.0.16.1+1-LTS, mixed mode, tiered, compressed oops, g1 gc, windows-amd64)
Heap:
 garbage-first heap   total 389120K, used 207726K [0x0000000080000000, 0x0000000100000000)
  region size 1024K, 2 young (2048K), 2 survivors (2048K)
 Metaspace       used 125904K, capacity 129784K, committed 129976K, reserved 630784K
  class space    used 16118K, capacity 17646K, committed 17664K, reserved 516096K
GC Heap History (20 events):
Event: 36.388 GC heap after
{Heap after GC invocations=29 (full 0):
 garbage-first heap   total 258048K, used 151395K [0x0000000080000000, 0x0000000100000000)
  region size 1024K, 12 young (12288K), 12 survivors (12288K)
 Metaspace       used 123855K, capacity 127514K, committed 127800K, reserved 628736K
  class space    used 15805K, capacity 17213K, committed 17280K, reserved 516096K
}
Event: 36.595 GC heap before
{Heap before GC invocations=30 (full 0):
 garbage-first heap   total 258048K, used 164707K [0x0000000080000000, 0x0000000100000000)
  region size 1024K, 25 young (25600K), 12 survivors (12288K)
 Metaspace       used 123871K, capacity 127514K, committed 127800K, reserved 628736K
  class space    used 15809K, capacity 17213K, committed 17280K, reserved 516096K
}
Event: 36.612 GC heap after
{Heap after GC invocations=31 (full 0):
 garbage-first heap   total 258048K, used 157415K [0x0000000080000000, 0x0000000100000000)
  region size 1024K, 6 young (6144K), 6 survivors (6144K)
 Metaspace       used 123871K, capacity 127514K, committed 127800K, reserved 628736K
  class space    used 15809K, capacity 17213K, committed 17280K, reserved 516096K
}
Event: 37.052 GC heap before
{Heap before GC invocations=32 (full 0):
 garbage-first heap   total 258048K, used 199399K [0x0000000080000000, 0x0000000100000000)
  region size 1024K, 47 young (48128K), 6 survivors (6144K)
 Metaspace       used 124783K, capacity 128406K, committed 128568K, reserved 628736K
  class space    used 15988K, capacity 17422K, committed 17536K, reserved 516096K
}
Event: 37.072 GC heap after
{Heap after GC invocations=33 (full 0):
 garbage-first heap   total 258048K, used 177780K [0x0000000080000000, 0x0000000100000000)
  region size 1024K, 6 young (6144K), 6 survivors (6144K)
 Metaspace       used 124783K, capacity 128406K, committed 128568K, reserved 628736K
  class space    used 15988K, capacity 17422K, committed 17536K, reserved 516096K
}
Event: 37.094 GC heap before
{Heap before GC invocations=33 (full 0):
 garbage-first heap   total 258048K, used 183924K [0x0000000080000000, 0x0000000100000000)
  region size 1024K, 12 young (12288K), 6 survivors (6144K)
 Metaspace       used 124801K, capacity 128406K, committed 128568K, reserved 628736K
  class space    used 15989K, capacity 17422K, committed 17536K, reserved 516096K
}
Event: 37.105 GC heap after
{Heap after GC invocations=34 (full 0):
 garbage-first heap   total 258048K, used 180555K [0x0000000080000000, 0x0000000100000000)
  region size 1024K, 2 young (2048K), 2 survivors (2048K)
 Metaspace       used 124801K, capacity 128406K, committed 128568K, reserved 628736K
  class space    used 15989K, capacity 17422K, committed 17536K, reserved 516096K
}
Event: 37.222 GC heap before
{Heap before GC invocations=34 (full 0):
 garbage-first heap   total 258048K, used 205131K [0x0000000080000000, 0x0000000100000000)
  region size 1024K, 27 young (27648K), 2 survivors (2048K)
 Metaspace       used 124833K, capacity 128473K, committed 128824K, reserved 628736K
  class space    used 15989K, capacity 17422K, committed 17536K, reserved 516096K
}
Event: 37.237 GC heap after
{Heap after GC invocations=35 (full 0):
 garbage-first heap   total 258048K, used 194075K [0x0000000080000000, 0x0000000100000000)
  region size 1024K, 4 young (4096K), 4 survivors (4096K)
 Metaspace       used 124833K, capacity 128473K, committed 128824K, reserved 628736K
  class space    used 15989K, capacity 17422K, committed 17536K, reserved 516096K
}
Event: 37.517 GC heap before
{Heap before GC invocations=35 (full 0):
 garbage-first heap   total 258048K, used 211483K [0x0000000080000000, 0x0000000100000000)
  region size 1024K, 21 young (21504K), 4 survivors (4096K)
 Metaspace       used 124908K, capacity 128546K, committed 128824K, reserved 628736K
  class space    used 15996K, capacity 17425K, committed 17536K, reserved 516096K
}
Event: 37.532 GC heap after
{Heap after GC invocations=36 (full 0):
 garbage-first heap   total 323584K, used 203577K [0x0000000080000000, 0x0000000100000000)
  region size 1024K, 3 young (3072K), 3 survivors (3072K)
 Metaspace       used 124908K, capacity 128546K, committed 128824K, reserved 628736K
  class space    used 15996K, capacity 17425K, committed 17536K, reserved 516096K
}
Event: 38.178 GC heap before
{Heap before GC invocations=37 (full 0):
 garbage-first heap   total 323584K, used 243513K [0x0000000080000000, 0x0000000100000000)
  region size 1024K, 42 young (43008K), 3 survivors (3072K)
 Metaspace       used 125482K, capacity 129243K, committed 129464K, reserved 628736K
  class space    used 16083K, capacity 17584K, committed 17664K, reserved 516096K
}
Event: 38.188 GC heap after
{Heap after GC invocations=38 (full 0):
 garbage-first heap   total 323584K, used 211135K [0x0000000080000000, 0x0000000100000000)
  region size 1024K, 6 young (6144K), 6 survivors (6144K)
 Metaspace       used 125482K, capacity 129243K, committed 129464K, reserved 628736K
  class space    used 16083K, capacity 17584K, committed 17664K, reserved 516096K
}
Event: 38.725 GC heap before
{Heap before GC invocations=38 (full 0):
 garbage-first heap   total 323584K, used 249023K [0x0000000080000000, 0x0000000100000000)
  region size 1024K, 44 young (45056K), 6 survivors (6144K)
 Metaspace       used 125683K, capacity 129516K, committed 129720K, reserved 630784K
  class space    used 16094K, capacity 17602K, committed 17664K, reserved 516096K
}
Event: 38.743 GC heap after
{Heap after GC invocations=39 (full 0):
 garbage-first heap   total 323584K, used 216127K [0x0000000080000000, 0x0000000100000000)
  region size 1024K, 5 young (5120K), 5 survivors (5120K)
 Metaspace       used 125683K, capacity 129516K, committed 129720K, reserved 630784K
  class space    used 16094K, capacity 17602K, committed 17664K, reserved 516096K
}
Event: 39.560 GC heap before
{Heap before GC invocations=40 (full 0):
 garbage-first heap   total 323584K, used 251967K [0x0000000080000000, 0x0000000100000000)
  region size 1024K, 43 young (44032K), 5 survivors (5120K)
 Metaspace       used 125826K, capacity 129648K, committed 129720K, reserved 630784K
  class space    used 16108K, capacity 17644K, committed 17664K, reserved 516096K
}
Event: 39.571 GC heap after
{Heap after GC invocations=41 (full 0):
 garbage-first heap   total 323584K, used 215241K [0x0000000080000000, 0x0000000100000000)
  region size 1024K, 3 young (3072K), 3 survivors (3072K)
 Metaspace       used 125826K, capacity 129648K, committed 129720K, reserved 630784K
  class space    used 16108K, capacity 17644K, committed 17664K, reserved 516096K
}
Event: 40.004 GC heap before
{Heap before GC invocations=41 (full 0):
 garbage-first heap   total 323584K, used 230601K [0x0000000080000000, 0x0000000100000000)
  region size 1024K, 15 young (15360K), 3 survivors (3072K)
 Metaspace       used 125837K, capacity 129713K, committed 129976K, reserved 630784K
  class space    used 16108K, capacity 17644K, committed 17664K, reserved 516096K
}
Event: 40.020 GC heap after
{Heap after GC invocations=42 (full 0):
 garbage-first heap   total 323584K, used 207113K [0x0000000080000000, 0x0000000100000000)
  region size 1024K, 1 young (1024K), 1 survivors (1024K)
 Metaspace       used 125837K, capacity 129713K, committed 129976K, reserved 630784K
  class space    used 16108K, capacity 17644K, committed 17664K, reserved 516096K
}
Event: 40.578 GC heap before
{Heap before GC invocations=42 (full 0):
 garbage-first heap   total 323584K, used 220425K [0x0000000080000000, 0x0000000100000000)
  region size 1024K, 16 young (16384K), 1 survivors (1024K)
 Metaspace       used 125904K, capacity 129784K, committed 129976K, reserved 630784K
  class space    used 16118K, capacity 17646K, committed 17664K, reserved 516096K
}

